{"test_num": 13, "errors": [], "failures": [{"module": "AppTest", "case_name": "test_get_current_page", "exception": "Traceback (most recent call last):\n  File \"/Users/sherlock/git/minium/miniprogram-demo-test/apptest.py\", line 12, in test_get_current_page\n    self.assertEqual(self.page.path, \"page/component/index\") #\u6709\u9519\u8bef\uff0c\u62a5\u544a\u4f1a\u628a\u8fd9\u884c\u4ee3\u7801\u6807\u7ea2\n  File \"/usr/local/lib/python3.7/site-packages/minium/framework/assertbase.py\", line 225, in _hook_assert\n    attr(*args, **kwargs)\nAssertionError: '/page/component/index' != 'page/component/index'\n- /page/component/index\n? -\n+ page/component/index\n\n"}]}